This file contains any messages produced by compilers while
running configure, to aid debugging if configure makes a mistake.

It was created by OpenSSH configure Portable, which was
generated by GNU Autoconf 2.68.  Invocation command line was

  $ ./configure 

## --------- ##
## Platform. ##
## --------- ##

hostname = church.draper.com
uname -m = x86_64
uname -r = 2.6.32-358.6.2.el6.x86_64
uname -s = Linux
uname -v = #1 SMP Tue May 14 15:48:21 EDT 2013

/usr/bin/uname -p = unknown
/bin/uname -X     = unknown

/bin/arch              = x86_64
/usr/bin/arch -k       = unknown
/usr/convex/getsysinfo = unknown
/usr/bin/hostinfo      = unknown
/bin/machine           = unknown
/usr/bin/oslevel       = unknown
/bin/universe          = unknown

PATH: /opt/special/bin
PATH: /usr/lib64/qt-3.3/bin
PATH: /usr/kerberos/sbin
PATH: /usr/kerberos/bin
PATH: /bin
PATH: /usr/bin
PATH: /usr/X11R6/bin
PATH: /usr/local/bin
PATH: /nfs/adm/bin
PATH: /home/lqb4061/bin
PATH: /home/lqb4061/bin


## ----------- ##
## Core tests. ##
## ----------- ##

configure:2632: checking for gcc
configure:2659: result: clang -flto
configure:2888: checking for C compiler version
configure:2897: clang -flto --version >&5
clang version 3.4 (trunk 188368)
Target: x86_64-unknown-linux-gnu
Thread model: posix
configure:2908: $? = 0
configure:2897: clang -flto -v >&5
clang version 3.4 (trunk 188368)
Target: x86_64-unknown-linux-gnu
Thread model: posix
Found candidate GCC installation: /usr/lib/gcc/x86_64-redhat-linux/4.4.7
Found candidate GCC installation: /usr/lib/gcc/x86_64-redhat-linux/4.4.4
Found candidate GCC installation: /usr/lib/gcc/x86_64-redhat-linux/3.4.6
Selected GCC installation: /usr/lib/gcc/x86_64-redhat-linux/4.4.7
clang: warning: argument unused during compilation: '-flto'
configure:2908: $? = 0
configure:2897: clang -flto -V >&5
clang: error: argument to '-V' is missing (expected 1 value)
clang: error: no input files
configure:2908: $? = 1
configure:2897: clang -flto -qversion >&5
clang: error: no input files
configure:2908: $? = 1
configure:2928: checking whether the C compiler works
configure:2950: clang -flto   -Wl,-plugin-opt=also-emit-llvm conftest.c  >&5
configure:2954: $? = 0
configure:3002: result: yes
configure:3005: checking for C compiler default output file name
configure:3007: result: a.out
configure:3013: checking for suffix of executables
configure:3020: clang -flto -o conftest   -Wl,-plugin-opt=also-emit-llvm conftest.c  >&5
configure:3024: $? = 0
configure:3046: result: 
configure:3068: checking whether we are cross compiling
configure:3076: clang -flto -o conftest   -Wl,-plugin-opt=also-emit-llvm conftest.c  >&5
configure:3080: $? = 0
configure:3087: ./conftest
configure:3091: $? = 0
configure:3106: result: no
configure:3111: checking for suffix of object files
configure:3133: clang -flto -c   conftest.c >&5
configure:3137: $? = 0
configure:3158: result: o
configure:3162: checking whether we are using the GNU C compiler
configure:3181: clang -flto -c   conftest.c >&5
configure:3181: $? = 0
configure:3190: result: yes
configure:3199: checking whether clang -flto accepts -g
configure:3219: clang -flto -c -g  conftest.c >&5
configure:3219: $? = 0
configure:3260: result: yes
configure:3277: checking for clang -flto option to accept ISO C89
configure:3341: clang -flto  -c -g -O2  conftest.c >&5
configure:3341: $? = 0
configure:3354: result: none needed
configure:3407: checking build system type
configure:3421: result: x86_64-unknown-linux-gnu
configure:3441: checking host system type
configure:3454: result: x86_64-unknown-linux-gnu
configure:3480: checking how to run the C preprocessor
configure:3511: clang -flto -E  conftest.c
configure:3511: $? = 0
configure:3525: clang -flto -E  conftest.c
conftest.c:9:10: fatal error: 'ac_nonexistent.h' file not found
#include <ac_nonexistent.h>
         ^
1 error generated.
configure:3525: $? = 1
configure: failed program was:
| /* confdefs.h */
| #define PACKAGE_NAME "OpenSSH"
| #define PACKAGE_TARNAME "openssh"
| #define PACKAGE_VERSION "Portable"
| #define PACKAGE_STRING "OpenSSH Portable"
| #define PACKAGE_BUGREPORT "openssh-unix-dev@mindrot.org"
| #define PACKAGE_URL ""
| /* end confdefs.h.  */
| #include <ac_nonexistent.h>
configure:3550: result: clang -flto -E
configure:3570: clang -flto -E  conftest.c
configure:3570: $? = 0
configure:3584: clang -flto -E  conftest.c
conftest.c:9:10: fatal error: 'ac_nonexistent.h' file not found
#include <ac_nonexistent.h>
         ^
1 error generated.
configure:3584: $? = 1
configure: failed program was:
| /* confdefs.h */
| #define PACKAGE_NAME "OpenSSH"
| #define PACKAGE_TARNAME "openssh"
| #define PACKAGE_VERSION "Portable"
| #define PACKAGE_STRING "OpenSSH Portable"
| #define PACKAGE_BUGREPORT "openssh-unix-dev@mindrot.org"
| #define PACKAGE_URL ""
| /* end confdefs.h.  */
| #include <ac_nonexistent.h>
configure:3613: checking for grep that handles long lines and -e
configure:3671: result: /bin/grep
configure:3676: checking for egrep
configure:3738: result: /bin/grep -E
configure:3743: checking for ANSI C header files
configure:3763: clang -flto -c -g -O2  conftest.c >&5
configure:3763: $? = 0
configure:3836: clang -flto -o conftest -g -O2  -Wl,-plugin-opt=also-emit-llvm conftest.c  >&5

## ---------------- ##
## Cache variables. ##
## ---------------- ##

ac_cv_build=x86_64-unknown-linux-gnu
ac_cv_c_compiler_gnu=yes
ac_cv_env_CC_set=set
ac_cv_env_CC_value='clang -flto'
ac_cv_env_CFLAGS_set=
ac_cv_env_CFLAGS_value=
ac_cv_env_CPPFLAGS_set=
ac_cv_env_CPPFLAGS_value=
ac_cv_env_CPP_set=
ac_cv_env_CPP_value=
ac_cv_env_LDFLAGS_set=set
ac_cv_env_LDFLAGS_value=-Wl,-plugin-opt=also-emit-llvm
ac_cv_env_LIBS_set=
ac_cv_env_LIBS_value=
ac_cv_env_build_alias_set=
ac_cv_env_build_alias_value=
ac_cv_env_host_alias_set=
ac_cv_env_host_alias_value=
ac_cv_env_target_alias_set=
ac_cv_env_target_alias_value=
ac_cv_header_stdc=yes
ac_cv_host=x86_64-unknown-linux-gnu
ac_cv_objext=o
ac_cv_path_EGREP='/bin/grep -E'
ac_cv_path_GREP=/bin/grep
ac_cv_prog_CPP='clang -flto -E'
ac_cv_prog_ac_ct_CC='clang -flto'
ac_cv_prog_cc_c89=
ac_cv_prog_cc_g=yes

## ----------------- ##
## Output variables. ##
## ----------------- ##

AR=''
AWK=''
CAT=''
CC='clang -flto'
CFLAGS='-g -O2'
COMMENT_OUT_ECC=''
CPP='clang -flto -E'
CPPFLAGS=''
DEFS=''
ECHO_C=''
ECHO_N='-n'
ECHO_T=''
EGREP='/bin/grep -E'
ENT=''
EXEEXT=''
GREP='/bin/grep'
GROFF=''
GSSLIBS=''
INSTALL_DATA=''
INSTALL_PROGRAM=''
INSTALL_SCRIPT=''
K5LIBS=''
KILL=''
KRB5CONF=''
LD=''
LDFLAGS='-Wl,-plugin-opt=also-emit-llvm'
LIBEDIT=''
LIBOBJS=''
LIBS=''
LOGIN_PROGRAM_FALLBACK=''
LTLIBOBJS=''
MAKE_PACKAGE_SUPPORTED=''
MANDOC=''
MANFMT=''
MANTYPE=''
NROFF=''
OBJEXT='o'
PACKAGE_BUGREPORT='openssh-unix-dev@mindrot.org'
PACKAGE_NAME='OpenSSH'
PACKAGE_STRING='OpenSSH Portable'
PACKAGE_TARNAME='openssh'
PACKAGE_URL=''
PACKAGE_VERSION='Portable'
PATH_GROUPADD_PROG=''
PATH_PASSWD_PROG=''
PATH_SEPARATOR=':'
PATH_USERADD_PROG=''
PERL=''
PKGCONFIG=''
PRIVSEP_PATH=''
RANLIB=''
SED=''
SH=''
SHELL='/bin/sh'
SSHDLIBS=''
SSHLIBS=''
SSH_PRIVSEP_USER=''
STARTUP_SCRIPT_SHELL=''
STRIP_OPT=''
TEST_MINUS_S_SH=''
TEST_SHELL=''
TEST_SSH_ECC=''
TEST_SSH_IPV6=''
TEST_SSH_SHA256=''
UNSUPPORTED_ALGORITHMS=''
XAUTH_PATH=''
ac_ct_CC='clang -flto'
bindir='${exec_prefix}/bin'
build='x86_64-unknown-linux-gnu'
build_alias=''
build_cpu='x86_64'
build_os='linux-gnu'
build_vendor='unknown'
datadir='${datarootdir}'
datarootdir='${prefix}/share'
docdir='${datarootdir}/doc/${PACKAGE_TARNAME}'
dvidir='${docdir}'
exec_prefix='NONE'
host='x86_64-unknown-linux-gnu'
host_alias=''
host_cpu='x86_64'
host_os='linux-gnu'
host_vendor='unknown'
htmldir='${docdir}'
includedir='${prefix}/include'
infodir='${datarootdir}/info'
libdir='${exec_prefix}/lib'
libexecdir='${exec_prefix}/libexec'
localedir='${datarootdir}/locale'
localstatedir='${prefix}/var'
mandir='${datarootdir}/man'
mansubdir=''
oldincludedir='/usr/include'
pdfdir='${docdir}'
piddir=''
prefix='NONE'
program_transform_name='s,x,x,'
psdir='${docdir}'
sbindir='${exec_prefix}/sbin'
sharedstatedir='${prefix}/com'
sysconfdir='${prefix}/etc'
target_alias=''
user_path=''
xauth_path=''

## ----------- ##
## confdefs.h. ##
## ----------- ##

/* confdefs.h */
#define PACKAGE_NAME "OpenSSH"
#define PACKAGE_TARNAME "openssh"
#define PACKAGE_VERSION "Portable"
#define PACKAGE_STRING "OpenSSH Portable"
#define PACKAGE_BUGREPORT "openssh-unix-dev@mindrot.org"
#define PACKAGE_URL ""

configure: caught signal 2
configure: exit 1
